---
title: MySQL 8.0
date: 2019-10-31 21:42:54
tags: [mysql]
photos: [/custom/img/1121108860.jpg]

---

最近在看《高性能 MySQL》, 顺便把 MySQL 8.0 的一些内容补充一下, 以下内容主要都是 `optimizer_switch` 中新添加的三个优化

## 隐藏索引(invisible index)

用法:
```sql
ALTER TABLE t1 ALTER INDEX i_idx {INVISIBLE | VISIBLE};
```

变量: `optimizer_switch="use_invisible_indexes=off"`

隐藏索引更像是作为工程功能为灰度测试服务, 本身不作为实际的索引效果

但是作为测试功能, 隐藏索引能够作为一种软删除机制, 避免大表重建索引, 还是相当值得肯定的; 当然, 隐藏的唯一索引依然具有阻止重复的功能

## Skip Scan

### 简介

查询中使用复合索引, 但是却没有使用上前缀索引, 这种情况在 8.0 之前会直接 full-table-scans

在 8.0.13 之后, 开启 `optimizer_switch="skip_scan=on"`

以上的情况则会触发 Skip-Scan 的功能, 即 MySQL 根据索引统计, 预估每一个前缀索引块的有效范围, 掠过(skip) 每个前缀索引块起始的部分索引; 值得一提的是, Skip scan 功能就和字符串的区分度类似, 依赖于数据库在统计分析上的准确度, 因此 **适时的 `ANALYZE TABLE table_name;` 有助于数据库维持统计准确度**

### 配置与使用

借用 [MySQL 官方案例](https://dev.mysql.com/doc/refman/8.0/en/range-optimization.html#range-access-skip-scan), 构建以下表:

```sql
CREATE TABLE t1 (f1 INT NOT NULL, f2 INT NOT NULL, PRIMARY KEY(f1, f2));
INSERT INTO t1 VALUES
  (1,1), (1,2), (1,3), (1,4), (1,5),
  (2,1), (2,2), (2,3), (2,4), (2,5);
INSERT INTO t1 SELECT f1, f2 + 5 FROM t1;
INSERT INTO t1 SELECT f1, f2 + 10 FROM t1;
INSERT INTO t1 SELECT f1, f2 + 20 FROM t1;
INSERT INTO t1 SELECT f1, f2 + 40 FROM t1;
ANALYZE TABLE t1;

EXPLAIN SELECT f1, f2 FROM t1 WHERE f2 > 40\G
EXPLAIN ANALYZE SELECT f1, f2 FROM t1 WHERE f2 > 40\G
```

输出:

```text
***************************[ 1. row ]***************************
id            | 1
select_type   | SIMPLE
table         | tssr
partitions    | <null>
type          | range
possible_keys | PRIMARY
key           | PRIMARY
key_len       | 8
ref           | <null>
rows          | 53
filtered      | 100.0
Extra         | Using where; Using index for skip scan

1 row in set
Time: 0.009s

***************************[ 1. row ]***************************
EXPLAIN | -> Filter: (tssr.f2 > 40)  (cost=15.93 rows=53) (actual time=0.039..0.121 rows=80 loops=1)
    -> Index range scan on tssr using index_for_skip_scan(PRIMARY)  (cost=15.93 rows=53) (actual time=0.037..0.109
rows=80 loops=1)

1 row in set
Time: 0.008s
```

## Hash Join

### 简介

Hash Join, 如你所见, 驱动表和被驱动表在 join_buffer 中不再通过 join_key 配对, 而是通过预先计算的 hash_key

Hash Join 主要用于在 join_key 非索引且存在相等条件连接的场景中, 代替 [BNLJ](https://dev.mysql.com/doc/refman/8.0/en/nested-loop-joins.html#block-nested-loop-join-algorithm)

MySQL 8.0.18 后, 开启 `optimizer_switch="hash_join=on"`

### 配置与使用

```sql
CREATE TABLE t1 (c1 INT, c2 INT);
CREATE TABLE t2 (c1 INT, c2 INT);
CREATE TABLE t3 (c1 INT, c2 INT);

EXPLAIN FORMAT=TREE
        SELECT *
           FROM t1
           JOIN t2
               ON t1.c1=t2.c1\G
```

```text
*************************** 1. row ***************************
EXPLAIN: -> Inner hash join (t2.c1 = t1.c1)  (cost=0.70 rows=1)
    -> Table scan on t2  (cost=0.35 rows=1)
    -> Hash
        -> Table scan on t1  (cost=0.35 rows=1)
```

在 **主合取范式且外层范式中至少有一个相等条件连接时**, Hash Join 也会触发

```sql
mysql> EXPLAIN FORMAT=TREE
    -> SELECT *
    ->     FROM t1
    ->     JOIN t2
    ->         ON (t1.c1 = t2.c1 AND t1.c2 < t2.c2)
    ->     JOIN t3
    ->         ON (t2.c1 = t3.c1)\G

*************************** 1. row ***************************
EXPLAIN: -> Inner hash join (t3.c1 = t1.c1)  (cost=1.05 rows=1)
    -> Table scan on t3  (cost=0.35 rows=1)
    -> Hash
        -> Filter: (t1.c2 < t2.c2)  (cost=0.70 rows=1)
            -> Inner hash join (t2.c1 = t1.c1)  (cost=0.70 rows=1)
                -> Table scan on t2  (cost=0.35 rows=1)
                -> Hash
                    -> Table scan on t1  (cost=0.35 rows=1)
```

以及单纯的笛卡尔积:

```sql
mysql> EXPLAIN FORMAT=TREE
    -> SELECT *
    ->     FROM t1
    ->     JOIN t2
    ->     WHERE t1.c2 > 50\G

*************************** 1. row ***************************
EXPLAIN: -> Inner hash join  (cost=0.70 rows=1)
    -> Table scan on t2  (cost=0.35 rows=1)
    -> Hash
        -> Filter: (t1.c2 > 50)  (cost=0.35 rows=1)
            -> Table scan on t1  (cost=0.35 rows=1)
```

在开启 Hash Join 后, MySQL 会尽量使用 Hash Join 以代替 BNLJ , 同时和 BNLJ 一样, 会受到 `join_buffer_size` 和 `open_files_limit` 的限制

更详细的内容可查阅 [官方文档](https://dev.mysql.com/doc/refman/8.0/en/hash-joins.html)

## Explain analyze

最后谈一个 MySQL 8.0 的调试改动, MySQL 8.0.18 后引入了 `EXPLAIN ANALYZE` , 用于执行本次查询并输出执行计划, 内容如下所示:

```sql
EXPLAIN ANALYZE SELECT * FROM t1 JOIN t2 ON (t1.c1 = t2.c2)\G

*************************** 1. row ***************************
EXPLAIN: -> Inner hash join (t2.c2 = t1.c1)  (cost=4.70 rows=6)
(actual time=0.032..0.035 rows=6 loops=1)
    -> Table scan on t2  (cost=0.06 rows=6)
(actual time=0.003..0.005 rows=6 loops=1)
    -> Hash
        -> Table scan on t1  (cost=0.85 rows=6)
(actual time=0.018..0.022 rows=6 loops=1)
```

- 预估的执行成本(ms)以及返回行数
- 实际返回第一行前花费的时间, 返回所有行的时间
- 实际扫描行数, 循环数
